Using pre-set license
Built from '2020.3/staging' branch; Version is '2020.3.19f1 (68f137dc9bbe) revision 6877495'; Using compiler version '192528614'; Build Type 'Release'
OS: 'Windows 10 Pro; OS build 19043.1237; Version 2009; 64bit' Language: 'es' Physical Memory: 16342 MB
BatchMode: 1, IsHumanControllingUs: 0, StartBugReporterOnCrash: 0, Is64bit: 1, IsPro: 0

COMMAND LINE ARGUMENTS:
C:\Program Files\Unity\Hub\Editor\2020.3.19f1\Editor\Unity.exe
-adb2
-batchMode
-noUpm
-name
AssetImportWorker0
-projectPath
D:/Gaspar_Herraez/DEMI/Gaspar_Herraez_Tema_1/mi primer proyecta
-logFile
Logs/AssetImportWorker0.log
-srvPort
55447
Successfully changed project path to: D:/Gaspar_Herraez/DEMI/Gaspar_Herraez_Tema_1/mi primer proyecta
D:/Gaspar_Herraez/DEMI/Gaspar_Herraez_Tema_1/mi primer proyecta
Using Asset Import Pipeline V2.
Refreshing native plugins compatible for Editor in 28.53 ms, found 2 plugins.
Preloading 0 native plugins for Editor in 0.00 ms.
Initialize engine version: 2020.3.19f1 (68f137dc9bbe)
[Subsystems] Discovering subsystems at path C:/Program Files/Unity/Hub/Editor/2020.3.19f1/Editor/Data/Resources/UnitySubsystems
[Subsystems] Discovering subsystems at path D:/Gaspar_Herraez/DEMI/Gaspar_Herraez_Tema_1/mi primer proyecta/Assets
GfxDevice: creating device client; threaded=0
Direct3D:
    Version:  Direct3D 11.0 [level 11.1]
    Renderer: NVIDIA GeForce GTX 1050 Ti (ID=0x1c82)
    Vendor:   
    VRAM:     4018 MB
    Driver:   27.21.14.5671
Initialize mono
Mono path[0] = 'C:/Program Files/Unity/Hub/Editor/2020.3.19f1/Editor/Data/Managed'
Mono path[1] = 'C:/Program Files/Unity/Hub/Editor/2020.3.19f1/Editor/Data/MonoBleedingEdge/lib/mono/unityjit'
Mono config path = 'C:/Program Files/Unity/Hub/Editor/2020.3.19f1/Editor/Data/MonoBleedingEdge/etc'
Using monoOptions --debugger-agent=transport=dt_socket,embedding=1,server=y,suspend=n,address=127.0.0.1:56936
Begin MonoManager ReloadAssembly
Registering precompiled unity dll's ...
Register platform support module: C:/Program Files/Unity/Hub/Editor/2020.3.19f1/Editor/Data/PlaybackEngines/WindowsStandaloneSupport/UnityEditor.WindowsStandalone.Extensions.dll
Registered in 0.002010 seconds.
Native extension for WindowsStandalone target not found
Refreshing native plugins compatible for Editor in 29.35 ms, found 2 plugins.
Preloading 0 native plugins for Editor in 0.00 ms.
Mono: successfully reloaded assembly
- Completed reload, in  1.135 seconds
Domain Reload Profiling:
	ReloadAssembly (1136ms)
		BeginReloadAssembly (58ms)
			ExecutionOrderSort (0ms)
			DisableScriptedObjects (0ms)
			BackupInstance (0ms)
			ReleaseScriptingObjects (0ms)
			CreateAndSetChildDomain (1ms)
		EndReloadAssembly (428ms)
			LoadAssemblies (56ms)
			RebuildTransferFunctionScriptingTraits (0ms)
			SetupTypeCache (162ms)
			ReleaseScriptCaches (0ms)
			RebuildScriptCaches (33ms)
			SetupLoadedEditorAssemblies (159ms)
				LogAssemblyErrors (0ms)
				InitializePlatformSupportModulesInManaged (4ms)
				SetLoadedEditorAssemblies (0ms)
				RefreshPlugins (29ms)
				BeforeProcessingInitializeOnLoad (9ms)
				ProcessInitializeOnLoadAttributes (86ms)
				ProcessInitializeOnLoadMethodAttributes (30ms)
				AfterProcessingInitializeOnLoad (0ms)
				EditorAssembliesLoaded (0ms)
			ExecutionOrderSort2 (0ms)
			AwakeInstancesAfterBackupRestoration (0ms)
Platform modules already initialized, skipping
Registering precompiled user dll's ...
Registered in 0.002274 seconds.
Begin MonoManager ReloadAssembly
Native extension for WindowsStandalone target not found
Refreshing native plugins compatible for Editor in 0.29 ms, found 2 plugins.
Preloading 0 native plugins for Editor in 0.00 ms.
Mono: successfully reloaded assembly
- Completed reload, in  0.998 seconds
Domain Reload Profiling:
	ReloadAssembly (998ms)
		BeginReloadAssembly (149ms)
			ExecutionOrderSort (0ms)
			DisableScriptedObjects (5ms)
			BackupInstance (0ms)
			ReleaseScriptingObjects (0ms)
			CreateAndSetChildDomain (18ms)
		EndReloadAssembly (786ms)
			LoadAssemblies (84ms)
			RebuildTransferFunctionScriptingTraits (0ms)
			SetupTypeCache (273ms)
			ReleaseScriptCaches (0ms)
			RebuildScriptCaches (41ms)
			SetupLoadedEditorAssemblies (292ms)
				LogAssemblyErrors (0ms)
				InitializePlatformSupportModulesInManaged (5ms)
				SetLoadedEditorAssemblies (0ms)
				RefreshPlugins (0ms)
				BeforeProcessingInitializeOnLoad (53ms)
				ProcessInitializeOnLoadAttributes (222ms)
				ProcessInitializeOnLoadMethodAttributes (5ms)
				AfterProcessingInitializeOnLoad (7ms)
				EditorAssembliesLoaded (0ms)
			ExecutionOrderSort2 (0ms)
			AwakeInstancesAfterBackupRestoration (7ms)
Platform modules already initialized, skipping
========================================================================
Worker process is ready to serve import requests
Launched and connected shader compiler UnityShaderCompiler.exe after 0.04 seconds
Refreshing native plugins compatible for Editor in 0.28 ms, found 2 plugins.
Preloading 0 native plugins for Editor in 0.00 ms.
Unloading 1397 Unused Serialized files (Serialized files now loaded: 0)
System memory in use before: 64.8 MB.
System memory in use after: 64.9 MB.

Unloading 16 unused Assets to reduce memory usage. Loaded Objects now: 1832.
Total: 5.798800 ms (FindLiveObjects: 0.135000 ms CreateObjectMapping: 0.043800 ms MarkObjects: 5.542100 ms  DeleteObjects: 0.076700 ms)

AssetImportParameters requested are different than current active one (requested -> active):
  custom:framework-win-MediaFoundation: 216162199b28c13a410421893ffa2e32 -> 
  custom:video-decoder-ogg-theora: a1e56fd34408186e4bbccfd4996cb3dc -> 
  custom:container-muxer-webm: aa71ff27fc2769a1b78a27578f13a17b -> 
  custom:container-demuxer-webm: 4f35f7cbe854078d1ac9338744f61a02 -> 
  custom:container-demuxer-ogg: 62fdf1f143b41e24485cea50d1cbac27 -> 
  custom:video-encoder-webm-vp8: eb34c28f22e8b96e1ab97ce403110664 -> 
  custom:video-decoder-webm-vp8: 9c59270c3fd7afecdb556c50c9e8de78 -> 
  custom:audio-decoder-ogg-vorbis: bf7c407c2cedff20999df2af8eb42d56 -> 
  custom:audio-encoder-webm-vorbis: bf7c407c2cedff20999df2af8eb42d56 -> 
========================================================================
Received Import Request.
  path: Assets/Scenes
  artifactKey: Guid(f140d21eac135724dae9dc9976ea3db3) Importer(815301076,1909f56bfc062723c751e8b465ee728b)
Start importing Assets/Scenes using Guid(f140d21eac135724dae9dc9976ea3db3) Importer(815301076,1909f56bfc062723c751e8b465ee728b)  -> (artifact id: 'd05b30b33e1a92ca7c2be0c14eb1825d') in 0.003531 seconds 
  Import took 0.005823 seconds .

========================================================================
Received Prepare
Refreshing native plugins compatible for Editor in 1.65 ms, found 2 plugins.
Preloading 0 native plugins for Editor in 0.00 ms.
Unloading 9 Unused Serialized files (Serialized files now loaded: 0)
System memory in use before: 37.1 MB.
System memory in use after: 37.2 MB.

Unloading 9 unused Assets to reduce memory usage. Loaded Objects now: 1832.
Total: 3.489800 ms (FindLiveObjects: 0.124500 ms CreateObjectMapping: 0.042200 ms MarkObjects: 3.289000 ms  DeleteObjects: 0.033100 ms)

AssetImportParameters requested are different than current active one (requested -> active):
  custom:framework-win-MediaFoundation: 216162199b28c13a410421893ffa2e32 -> 
  custom:video-decoder-ogg-theora: a1e56fd34408186e4bbccfd4996cb3dc -> 
  custom:container-muxer-webm: aa71ff27fc2769a1b78a27578f13a17b -> 
  custom:container-demuxer-webm: 4f35f7cbe854078d1ac9338744f61a02 -> 
  custom:container-demuxer-ogg: 62fdf1f143b41e24485cea50d1cbac27 -> 
  custom:video-encoder-webm-vp8: eb34c28f22e8b96e1ab97ce403110664 -> 
  custom:video-decoder-webm-vp8: 9c59270c3fd7afecdb556c50c9e8de78 -> 
  custom:audio-decoder-ogg-vorbis: bf7c407c2cedff20999df2af8eb42d56 -> 
  custom:audio-encoder-webm-vorbis: bf7c407c2cedff20999df2af8eb42d56 -> 
========================================================================
Received Import Request.
  Time since last request: 25.329088 seconds.
  path: Assets/Scenes/ejercicio1.unity
  artifactKey: Guid(75042ba6ff23a1140ac076849c336cae) Importer(815301076,1909f56bfc062723c751e8b465ee728b)
Start importing Assets/Scenes/ejercicio1.unity using Guid(75042ba6ff23a1140ac076849c336cae) Importer(815301076,1909f56bfc062723c751e8b465ee728b)  -> (artifact id: '61e80725faafaa46c5c0752fc0131318') in 0.009204 seconds 
  Import took 0.011286 seconds .

========================================================================
Received Import Request.
  Time since last request: 583.728921 seconds.
  path: Assets
  artifactKey: Guid(00000000000000001000000000000000) Importer(815301076,1909f56bfc062723c751e8b465ee728b)
Start importing Assets using Guid(00000000000000001000000000000000) Importer(815301076,1909f56bfc062723c751e8b465ee728b)  -> (artifact id: '42d402b061de3733987d63b9cc3b64de') in 0.001358 seconds 
  Import took 0.004384 seconds .

========================================================================
Received Import Request.
  Time since last request: 36.492380 seconds.
  path: Assets/Materials
  artifactKey: Guid(44369cc90151d224897728e444407100) Importer(815301076,1909f56bfc062723c751e8b465ee728b)
Start importing Assets/Materials using Guid(44369cc90151d224897728e444407100) Importer(815301076,1909f56bfc062723c751e8b465ee728b)  -> (artifact id: 'e6b6e7c5de6433a4a828ffa60e729a30') in 0.001701 seconds 
  Import took 0.004173 seconds .

========================================================================
Received Import Request.
  Time since last request: 118.995523 seconds.
  path: Assets/Materials/Blue_Mat.mat
  artifactKey: Guid(63e33f8b18b30c84e9f243d342f9c16b) Importer(815301076,1909f56bfc062723c751e8b465ee728b)
Start importing Assets/Materials/Blue_Mat.mat using Guid(63e33f8b18b30c84e9f243d342f9c16b) Importer(815301076,1909f56bfc062723c751e8b465ee728b)  -> (artifact id: '5bfd6d417ca5b586e9d7e319a4e38317') in 0.099727 seconds 
  Import took 0.102125 seconds .

========================================================================
Received Import Request.
  Time since last request: 319.882462 seconds.
  path: Assets/Textures
  artifactKey: Guid(6aaaecba6bee40e4fbeae07af9c25ed9) Importer(815301076,1909f56bfc062723c751e8b465ee728b)
Start importing Assets/Textures using Guid(6aaaecba6bee40e4fbeae07af9c25ed9) Importer(815301076,1909f56bfc062723c751e8b465ee728b)  -> (artifact id: '24c85b270ebf929dc0de5ae55a1df77d') in 0.002612 seconds 
  Import took 0.005320 seconds .

========================================================================
Received Import Request.
  Time since last request: 12.875861 seconds.
  path: Assets/Textures/circuit.jpg
  artifactKey: Guid(a527abd425259d74ba85ada58d333115) Importer(815301076,1909f56bfc062723c751e8b465ee728b)
Start importing Assets/Textures/circuit.jpg using Guid(a527abd425259d74ba85ada58d333115) Importer(815301076,1909f56bfc062723c751e8b465ee728b)  -> (artifact id: '9b0045eac221d23df976800e8196bd98') in 0.028649 seconds 
  Import took 0.031271 seconds .

========================================================================
Received Import Request.
  Time since last request: 323.746307 seconds.
  path: Assets/Materials/Black_Mat.mat
  artifactKey: Guid(e115b93788c389b41a0705f7c5fdd03e) Importer(815301076,1909f56bfc062723c751e8b465ee728b)
Start importing Assets/Materials/Black_Mat.mat using Guid(e115b93788c389b41a0705f7c5fdd03e) Importer(815301076,1909f56bfc062723c751e8b465ee728b)  -> (artifact id: 'a2c7e770b8efb7cc7c79fada6c45cb44') in 0.012437 seconds 
  Import took 0.015808 seconds .

========================================================================
Received Import Request.
  Time since last request: 335.003382 seconds.
  path: Assets/Materials/Heead_Mat.mat
  artifactKey: Guid(b5219b7b3e127a24ea759da6dd5675df) Importer(815301076,1909f56bfc062723c751e8b465ee728b)
Start importing Assets/Materials/Heead_Mat.mat using Guid(b5219b7b3e127a24ea759da6dd5675df) Importer(815301076,1909f56bfc062723c751e8b465ee728b)  -> (artifact id: '622dd520f3374aa3b9f854b5caeabbfe') in 0.014751 seconds 
  Import took 0.017312 seconds .

AssetImportWorkerClient::OnTransportError - code=2 error=End of file
